1750925664: mosquitto version 2.0.18 starting
1750925664: Config loaded from /mosquitto/config/mosquitto.conf.
1750925664: Opening ipv4 listen socket on port 1883.
1750925664: Opening ipv6 listen socket on port 1883.
1750925664: mosquitto version 2.0.18 running
1750947141: mosquitto version 2.0.18 terminating
1751012457: mosquitto version 2.0.18 starting
1751012457: Config loaded from /mosquitto/config/mosquitto.conf.
1751012457: Opening ipv4 listen socket on port 1883.
1751012457: Opening ipv6 listen socket on port 1883.
1751012457: mosquitto version 2.0.18 running
1751264146: mosquitto version 2.0.18 terminating
1751282457: mosquitto version 2.0.18 starting
1751282457: Config loaded from /mosquitto/config/mosquitto.conf.
1751282457: Opening ipv4 listen socket on port 1883.
1751282457: Opening ipv6 listen socket on port 1883.
1751282457: mosquitto version 2.0.18 running
1751376611: mosquitto version 2.0.18 terminating
1751442757: mosquitto version 2.0.18 starting
1751442757: Config loaded from /mosquitto/config/mosquitto.conf.
1751442757: Opening ipv4 listen socket on port 1883.
1751442757: Opening ipv6 listen socket on port 1883.
1751442757: mosquitto version 2.0.18 running
1761910193: mosquitto version 2.0.18 starting
1761910193: Config loaded from /mosquitto/config/mosquitto.conf.
1761910193: Opening ipv4 listen socket on port 1883.
1761910193: Opening ipv6 listen socket on port 1883.
1761910193: mosquitto version 2.0.18 running
1762279133: mosquitto version 2.0.18 terminating
1762279256: mosquitto version 2.0.18 starting
1762279256: Config loaded from /mosquitto/config/mosquitto.conf.
1762279256: Opening ipv4 listen socket on port 1883.
1762279256: Opening ipv6 listen socket on port 1883.
1762279256: mosquitto version 2.0.18 running
