2025-07-01 14:53:35,108 - INFO     - run_edge.py:<module>:14                  - Starting the [EDGE] MQTT client
2025-07-01 14:53:35,128 - DEBUG    - model_manager.py:load_model:67           - Loading model from path: test_model/test_model.h5
2025-07-01 14:53:35,502 - DEBUG    - model_manager.py:predict_single_layer:127 - Making a prediction for layer [0]
2025-07-01 14:53:35,505 - DEBUG    - model_manager.py:wrapper:30              - Edge Inference for layer [0] took 0.0030 seconds
2025-07-01 14:53:35,507 - DEBUG    - model_manager.py:predict_single_layer:127 - Making a prediction for layer [1]
2025-07-01 14:53:35,508 - DEBUG    - model_manager.py:wrapper:30              - Edge Inference for layer [1] took 0.0008 seconds
2025-07-01 14:53:35,509 - DEBUG    - model_manager.py:predict_single_layer:127 - Making a prediction for layer [2]
2025-07-01 14:53:35,509 - DEBUG    - model_manager.py:wrapper:30              - Edge Inference for layer [2] took 0.0006 seconds
2025-07-01 14:53:35,510 - DEBUG    - model_manager.py:predict_single_layer:127 - Making a prediction for layer [3]
2025-07-01 14:53:35,510 - DEBUG    - model_manager.py:wrapper:30              - Edge Inference for layer [3] took 0.0006 seconds
2025-07-01 14:53:35,511 - DEBUG    - model_manager.py:predict_single_layer:127 - Making a prediction for layer [4]
2025-07-01 14:53:35,511 - DEBUG    - model_manager.py:wrapper:30              - Edge Inference for layer [4] took 0.0005 seconds
2025-07-01 14:53:35,511 - DEBUG    - model_manager.py:predict_single_layer:127 - Making a prediction for layer [5]
2025-07-01 14:53:35,512 - DEBUG    - model_manager.py:wrapper:30              - Edge Inference for layer [5] took 0.0003 seconds
2025-07-01 14:53:35,512 - DEBUG    - model_manager.py:predict_single_layer:127 - Making a prediction for layer [6]
2025-07-01 14:53:35,513 - DEBUG    - model_manager.py:wrapper:30              - Edge Inference for layer [6] took 0.0005 seconds
2025-07-01 14:53:35,513 - DEBUG    - model_manager.py:predict_single_layer:127 - Making a prediction for layer [7]
2025-07-01 14:53:35,513 - DEBUG    - model_manager.py:wrapper:30              - Edge Inference for layer [7] took 0.0002 seconds
2025-07-01 14:53:35,513 - DEBUG    - model_manager.py:predict_single_layer:127 - Making a prediction for layer [8]
2025-07-01 14:53:35,514 - DEBUG    - model_manager.py:wrapper:30              - Edge Inference for layer [8] took 0.0003 seconds
2025-07-01 14:53:35,514 - DEBUG    - model_manager.py:predict_single_layer:127 - Making a prediction for layer [9]
2025-07-01 14:53:35,514 - DEBUG    - model_manager.py:wrapper:30              - Edge Inference for layer [9] took 0.0004 seconds
2025-07-01 14:53:35,515 - DEBUG    - model_manager.py:predict_single_layer:127 - Making a prediction for layer [10]
2025-07-01 14:53:35,515 - DEBUG    - model_manager.py:wrapper:30              - Edge Inference for layer [10] took 0.0004 seconds
2025-07-01 14:53:35,515 - DEBUG    - model_manager.py:predict_single_layer:127 - Making a prediction for layer [11]
2025-07-01 14:53:35,516 - DEBUG    - model_manager.py:wrapper:30              - Edge Inference for layer [11] took 0.0004 seconds
2025-07-01 14:53:35,516 - DEBUG    - model_manager.py:predict_single_layer:127 - Making a prediction for layer [12]
2025-07-01 14:53:35,516 - DEBUG    - model_manager.py:wrapper:30              - Edge Inference for layer [12] took 0.0004 seconds
2025-07-01 14:53:35,517 - DEBUG    - model_manager.py:predict_single_layer:127 - Making a prediction for layer [13]
2025-07-01 14:53:35,517 - DEBUG    - model_manager.py:wrapper:30              - Edge Inference for layer [13] took 0.0004 seconds
2025-07-01 14:53:35,517 - DEBUG    - model_manager.py:predict_single_layer:127 - Making a prediction for layer [14]
2025-07-01 14:53:35,518 - DEBUG    - model_manager.py:wrapper:30              - Edge Inference for layer [14] took 0.0002 seconds
2025-07-01 14:53:35,518 - DEBUG    - model_manager.py:predict_single_layer:127 - Making a prediction for layer [15]
2025-07-01 14:53:35,518 - DEBUG    - model_manager.py:wrapper:30              - Edge Inference for layer [15] took 0.0002 seconds
2025-07-01 14:53:35,519 - DEBUG    - model_manager.py:predict_single_layer:127 - Making a prediction for layer [16]
2025-07-01 14:53:35,519 - DEBUG    - model_manager.py:wrapper:30              - Edge Inference for layer [16] took 0.0002 seconds
2025-07-01 14:53:35,519 - DEBUG    - model_manager.py:predict_single_layer:127 - Making a prediction for layer [17]
2025-07-01 14:53:35,519 - DEBUG    - model_manager.py:wrapper:30              - Edge Inference for layer [17] took 0.0002 seconds
2025-07-01 14:53:35,520 - DEBUG    - model_manager.py:predict_single_layer:127 - Making a prediction for layer [18]
2025-07-01 14:53:35,520 - DEBUG    - model_manager.py:wrapper:30              - Edge Inference for layer [18] took 0.0002 seconds
2025-07-01 14:53:35,520 - DEBUG    - model_manager.py:predict_single_layer:127 - Making a prediction for layer [19]
2025-07-01 14:53:35,520 - DEBUG    - model_manager.py:wrapper:30              - Edge Inference for layer [19] took 0.0002 seconds
2025-07-01 14:53:35,521 - DEBUG    - model_manager.py:predict_single_layer:127 - Making a prediction for layer [20]
2025-07-01 14:53:35,521 - DEBUG    - model_manager.py:wrapper:30              - Edge Inference for layer [20] took 0.0002 seconds
2025-07-01 14:53:35,521 - DEBUG    - model_manager.py:predict_single_layer:127 - Making a prediction for layer [21]
2025-07-01 14:53:35,521 - DEBUG    - model_manager.py:wrapper:30              - Edge Inference for layer [21] took 0.0002 seconds
2025-07-01 14:53:35,522 - DEBUG    - model_manager.py:predict_single_layer:127 - Making a prediction for layer [22]
2025-07-01 14:53:35,522 - DEBUG    - model_manager.py:wrapper:30              - Edge Inference for layer [22] took 0.0002 seconds
2025-07-01 14:53:35,522 - DEBUG    - model_manager.py:predict_single_layer:127 - Making a prediction for layer [23]
2025-07-01 14:53:35,522 - DEBUG    - model_manager.py:wrapper:30              - Edge Inference for layer [23] took 0.0002 seconds
2025-07-01 14:53:35,522 - DEBUG    - model_manager.py:predict_single_layer:127 - Making a prediction for layer [24]
2025-07-01 14:53:35,523 - DEBUG    - model_manager.py:wrapper:30              - Edge Inference for layer [24] took 0.0002 seconds
2025-07-01 14:53:35,523 - DEBUG    - model_manager.py:predict_single_layer:127 - Making a prediction for layer [25]
2025-07-01 14:53:35,523 - DEBUG    - model_manager.py:wrapper:30              - Edge Inference for layer [25] took 0.0002 seconds
2025-07-01 14:53:35,523 - DEBUG    - model_manager.py:predict_single_layer:127 - Making a prediction for layer [26]
2025-07-01 14:53:35,524 - DEBUG    - model_manager.py:wrapper:30              - Edge Inference for layer [26] took 0.0002 seconds
2025-07-01 14:53:35,524 - DEBUG    - model_manager.py:predict_single_layer:127 - Making a prediction for layer [27]
2025-07-01 14:53:35,524 - DEBUG    - model_manager.py:wrapper:30              - Edge Inference for layer [27] took 0.0002 seconds
2025-07-01 14:53:35,524 - DEBUG    - model_manager.py:predict_single_layer:127 - Making a prediction for layer [28]
2025-07-01 14:53:35,525 - DEBUG    - model_manager.py:wrapper:30              - Edge Inference for layer [28] took 0.0002 seconds
2025-07-01 14:53:35,525 - DEBUG    - model_manager.py:predict_single_layer:127 - Making a prediction for layer [29]
2025-07-01 14:53:35,525 - DEBUG    - model_manager.py:wrapper:30              - Edge Inference for layer [29] took 0.0002 seconds
2025-07-01 14:53:35,525 - DEBUG    - model_manager.py:predict_single_layer:127 - Making a prediction for layer [30]
2025-07-01 14:53:35,526 - DEBUG    - model_manager.py:wrapper:30              - Edge Inference for layer [30] took 0.0002 seconds
2025-07-01 14:53:35,526 - DEBUG    - model_manager.py:predict_single_layer:127 - Making a prediction for layer [31]
2025-07-01 14:53:35,526 - DEBUG    - model_manager.py:wrapper:30              - Edge Inference for layer [31] took 0.0002 seconds
2025-07-01 14:53:35,526 - DEBUG    - model_manager.py:predict_single_layer:127 - Making a prediction for layer [32]
2025-07-01 14:53:35,527 - DEBUG    - model_manager.py:wrapper:30              - Edge Inference for layer [32] took 0.0002 seconds
2025-07-01 14:53:35,527 - DEBUG    - model_manager.py:predict_single_layer:127 - Making a prediction for layer [33]
2025-07-01 14:53:35,527 - DEBUG    - model_manager.py:wrapper:30              - Edge Inference for layer [33] took 0.0003 seconds
2025-07-01 14:53:35,527 - DEBUG    - model_manager.py:predict_single_layer:127 - Making a prediction for layer [34]
2025-07-01 14:53:35,528 - DEBUG    - model_manager.py:wrapper:30              - Edge Inference for layer [34] took 0.0002 seconds
2025-07-01 14:53:35,528 - DEBUG    - model_manager.py:predict_single_layer:127 - Making a prediction for layer [35]
2025-07-01 14:53:35,528 - DEBUG    - model_manager.py:wrapper:30              - Edge Inference for layer [35] took 0.0004 seconds
2025-07-01 14:53:35,528 - DEBUG    - model_manager.py:predict_single_layer:127 - Making a prediction for layer [36]
2025-07-01 14:53:35,529 - DEBUG    - model_manager.py:wrapper:30              - Edge Inference for layer [36] took 0.0003 seconds
2025-07-01 14:53:35,529 - DEBUG    - model_manager.py:predict_single_layer:127 - Making a prediction for layer [37]
2025-07-01 14:53:35,529 - DEBUG    - model_manager.py:wrapper:30              - Edge Inference for layer [37] took 0.0004 seconds
2025-07-01 14:53:35,530 - DEBUG    - model_manager.py:predict_single_layer:127 - Making a prediction for layer [38]
2025-07-01 14:53:35,530 - DEBUG    - model_manager.py:wrapper:30              - Edge Inference for layer [38] took 0.0003 seconds
2025-07-01 14:53:35,530 - DEBUG    - model_manager.py:predict_single_layer:127 - Making a prediction for layer [39]
2025-07-01 14:53:35,530 - DEBUG    - model_manager.py:wrapper:30              - Edge Inference for layer [39] took 0.0002 seconds
2025-07-01 14:53:35,531 - DEBUG    - model_manager.py:predict_single_layer:127 - Making a prediction for layer [40]
2025-07-01 14:53:35,531 - DEBUG    - model_manager.py:wrapper:30              - Edge Inference for layer [40] took 0.0002 seconds
2025-07-01 14:53:35,531 - DEBUG    - model_manager.py:predict_single_layer:127 - Making a prediction for layer [41]
2025-07-01 14:53:35,532 - DEBUG    - model_manager.py:wrapper:30              - Edge Inference for layer [41] took 0.0004 seconds
2025-07-01 14:53:35,532 - DEBUG    - model_manager.py:predict_single_layer:127 - Making a prediction for layer [42]
2025-07-01 14:53:35,532 - DEBUG    - model_manager.py:wrapper:30              - Edge Inference for layer [42] took 0.0002 seconds
2025-07-01 14:53:35,532 - DEBUG    - model_manager.py:predict_single_layer:127 - Making a prediction for layer [43]
2025-07-01 14:53:35,533 - DEBUG    - model_manager.py:wrapper:30              - Edge Inference for layer [43] took 0.0002 seconds
2025-07-01 14:53:35,533 - DEBUG    - model_manager.py:predict_single_layer:127 - Making a prediction for layer [44]
2025-07-01 14:53:35,533 - DEBUG    - model_manager.py:wrapper:30              - Edge Inference for layer [44] took 0.0003 seconds
2025-07-01 14:53:35,534 - DEBUG    - model_manager.py:predict_single_layer:127 - Making a prediction for layer [45]
2025-07-01 14:53:35,534 - DEBUG    - model_manager.py:wrapper:30              - Edge Inference for layer [45] took 0.0003 seconds
2025-07-01 14:53:35,534 - DEBUG    - model_manager.py:predict_single_layer:127 - Making a prediction for layer [46]
2025-07-01 14:53:35,534 - DEBUG    - model_manager.py:wrapper:30              - Edge Inference for layer [46] took 0.0002 seconds
2025-07-01 14:53:35,535 - DEBUG    - model_manager.py:predict_single_layer:127 - Making a prediction for layer [47]
2025-07-01 14:53:35,535 - DEBUG    - model_manager.py:wrapper:30              - Edge Inference for layer [47] took 0.0004 seconds
2025-07-01 14:53:35,535 - DEBUG    - model_manager.py:predict_single_layer:127 - Making a prediction for layer [48]
2025-07-01 14:53:35,536 - DEBUG    - model_manager.py:wrapper:30              - Edge Inference for layer [48] took 0.0004 seconds
2025-07-01 14:53:35,536 - DEBUG    - model_manager.py:predict_single_layer:127 - Making a prediction for layer [49]
2025-07-01 14:53:35,536 - DEBUG    - model_manager.py:wrapper:30              - Edge Inference for layer [49] took 0.0004 seconds
2025-07-01 14:53:35,537 - DEBUG    - model_manager.py:predict_single_layer:127 - Making a prediction for layer [50]
2025-07-01 14:53:35,537 - DEBUG    - model_manager.py:wrapper:30              - Edge Inference for layer [50] took 0.0003 seconds
2025-07-01 14:53:35,537 - DEBUG    - model_manager.py:predict_single_layer:127 - Making a prediction for layer [51]
2025-07-01 14:53:35,537 - DEBUG    - model_manager.py:wrapper:30              - Edge Inference for layer [51] took 0.0002 seconds
2025-07-01 14:53:35,538 - DEBUG    - model_manager.py:predict_single_layer:127 - Making a prediction for layer [52]
2025-07-01 14:53:35,538 - DEBUG    - model_manager.py:wrapper:30              - Edge Inference for layer [52] took 0.0002 seconds
2025-07-01 14:53:35,538 - DEBUG    - model_manager.py:predict_single_layer:127 - Making a prediction for layer [53]
2025-07-01 14:53:35,539 - DEBUG    - model_manager.py:wrapper:30              - Edge Inference for layer [53] took 0.0003 seconds
2025-07-01 14:53:35,539 - DEBUG    - model_manager.py:predict_single_layer:127 - Making a prediction for layer [54]
2025-07-01 14:53:35,539 - DEBUG    - model_manager.py:wrapper:30              - Edge Inference for layer [54] took 0.0002 seconds
2025-07-01 14:53:35,539 - DEBUG    - model_manager.py:predict_single_layer:127 - Making a prediction for layer [55]
2025-07-01 14:53:35,540 - DEBUG    - model_manager.py:wrapper:30              - Edge Inference for layer [55] took 0.0002 seconds
2025-07-01 14:53:35,540 - DEBUG    - model_manager.py:predict_single_layer:127 - Making a prediction for layer [56]
2025-07-01 14:53:35,540 - DEBUG    - model_manager.py:wrapper:30              - Edge Inference for layer [56] took 0.0004 seconds
2025-07-01 14:53:35,540 - DEBUG    - model_manager.py:predict_single_layer:127 - Making a prediction for layer [57]
2025-07-01 14:53:35,541 - DEBUG    - model_manager.py:wrapper:30              - Edge Inference for layer [57] took 0.0002 seconds
2025-07-01 14:53:35,541 - DEBUG    - model_manager.py:predict_single_layer:127 - Making a prediction for layer [58]
2025-07-01 14:53:35,541 - DEBUG    - model_manager.py:wrapper:30              - Edge Inference for layer [58] took 0.0002 seconds
2025-07-01 14:53:35,543 - DEBUG    - model_manager.py:save_inference_times:159 - Inference times saved
2025-07-01 14:54:53,523 - DEBUG    - model_manager.py:load_model:67           - Loading model from path: test_model/test_model.h5
2025-07-01 14:54:53,745 - DEBUG    - model_manager.py:predict_single_layer:127 - Making a prediction for layer [0]
2025-07-01 14:54:53,746 - DEBUG    - model_manager.py:wrapper:30              - Edge Inference for layer [0] took 0.0014 seconds
2025-07-01 14:54:53,746 - DEBUG    - model_manager.py:predict_single_layer:127 - Making a prediction for layer [1]
2025-07-01 14:54:53,747 - DEBUG    - model_manager.py:wrapper:30              - Edge Inference for layer [1] took 0.0006 seconds
2025-07-01 14:54:53,747 - DEBUG    - model_manager.py:predict_single_layer:127 - Making a prediction for layer [2]
2025-07-01 14:54:53,748 - DEBUG    - model_manager.py:wrapper:30              - Edge Inference for layer [2] took 0.0005 seconds
2025-07-01 14:54:53,748 - DEBUG    - model_manager.py:predict_single_layer:127 - Making a prediction for layer [3]
2025-07-01 14:54:53,749 - DEBUG    - model_manager.py:wrapper:30              - Edge Inference for layer [3] took 0.0005 seconds
2025-07-01 14:54:53,749 - DEBUG    - model_manager.py:predict_single_layer:127 - Making a prediction for layer [4]
2025-07-01 14:54:53,750 - DEBUG    - model_manager.py:wrapper:30              - Edge Inference for layer [4] took 0.0005 seconds
2025-07-01 14:54:53,750 - DEBUG    - model_manager.py:predict_single_layer:127 - Making a prediction for layer [5]
2025-07-01 14:54:53,750 - DEBUG    - model_manager.py:wrapper:30              - Edge Inference for layer [5] took 0.0004 seconds
2025-07-01 14:54:53,751 - DEBUG    - model_manager.py:predict_single_layer:127 - Making a prediction for layer [6]
2025-07-01 14:54:53,751 - DEBUG    - model_manager.py:wrapper:30              - Edge Inference for layer [6] took 0.0005 seconds
2025-07-01 14:54:53,752 - DEBUG    - model_manager.py:predict_single_layer:127 - Making a prediction for layer [7]
2025-07-01 14:54:53,752 - DEBUG    - model_manager.py:wrapper:30              - Edge Inference for layer [7] took 0.0003 seconds
2025-07-01 14:54:53,752 - DEBUG    - model_manager.py:predict_single_layer:127 - Making a prediction for layer [8]
2025-07-01 14:54:53,753 - DEBUG    - model_manager.py:wrapper:30              - Edge Inference for layer [8] took 0.0003 seconds
2025-07-01 14:54:53,753 - DEBUG    - model_manager.py:predict_single_layer:127 - Making a prediction for layer [9]
2025-07-01 14:54:53,753 - DEBUG    - model_manager.py:wrapper:30              - Edge Inference for layer [9] took 0.0003 seconds
2025-07-01 14:54:53,754 - DEBUG    - model_manager.py:predict_single_layer:127 - Making a prediction for layer [10]
2025-07-01 14:54:53,754 - DEBUG    - model_manager.py:wrapper:30              - Edge Inference for layer [10] took 0.0004 seconds
2025-07-01 14:54:53,754 - DEBUG    - model_manager.py:predict_single_layer:127 - Making a prediction for layer [11]
2025-07-01 14:54:53,755 - DEBUG    - model_manager.py:wrapper:30              - Edge Inference for layer [11] took 0.0003 seconds
2025-07-01 14:54:53,755 - DEBUG    - model_manager.py:predict_single_layer:127 - Making a prediction for layer [12]
2025-07-01 14:54:53,755 - DEBUG    - model_manager.py:wrapper:30              - Edge Inference for layer [12] took 0.0004 seconds
2025-07-01 14:54:53,756 - DEBUG    - model_manager.py:predict_single_layer:127 - Making a prediction for layer [13]
2025-07-01 14:54:53,756 - DEBUG    - model_manager.py:wrapper:30              - Edge Inference for layer [13] took 0.0004 seconds
2025-07-01 14:54:53,756 - DEBUG    - model_manager.py:predict_single_layer:127 - Making a prediction for layer [14]
2025-07-01 14:54:53,756 - DEBUG    - model_manager.py:wrapper:30              - Edge Inference for layer [14] took 0.0002 seconds
2025-07-01 14:54:53,757 - DEBUG    - model_manager.py:predict_single_layer:127 - Making a prediction for layer [15]
2025-07-01 14:54:53,757 - DEBUG    - model_manager.py:wrapper:30              - Edge Inference for layer [15] took 0.0002 seconds
2025-07-01 14:54:53,757 - DEBUG    - model_manager.py:predict_single_layer:127 - Making a prediction for layer [16]
2025-07-01 14:54:53,757 - DEBUG    - model_manager.py:wrapper:30              - Edge Inference for layer [16] took 0.0002 seconds
2025-07-01 14:54:53,758 - DEBUG    - model_manager.py:predict_single_layer:127 - Making a prediction for layer [17]
2025-07-01 14:54:53,758 - DEBUG    - model_manager.py:wrapper:30              - Edge Inference for layer [17] took 0.0002 seconds
2025-07-01 14:54:53,758 - DEBUG    - model_manager.py:predict_single_layer:127 - Making a prediction for layer [18]
2025-07-01 14:54:53,759 - DEBUG    - model_manager.py:wrapper:30              - Edge Inference for layer [18] took 0.0002 seconds
2025-07-01 14:54:53,759 - DEBUG    - model_manager.py:predict_single_layer:127 - Making a prediction for layer [19]
2025-07-01 14:54:53,759 - DEBUG    - model_manager.py:wrapper:30              - Edge Inference for layer [19] took 0.0002 seconds
2025-07-01 14:54:53,759 - DEBUG    - model_manager.py:predict_single_layer:127 - Making a prediction for layer [20]
2025-07-01 14:54:53,760 - DEBUG    - model_manager.py:wrapper:30              - Edge Inference for layer [20] took 0.0002 seconds
2025-07-01 14:54:53,760 - DEBUG    - model_manager.py:predict_single_layer:127 - Making a prediction for layer [21]
2025-07-01 14:54:53,760 - DEBUG    - model_manager.py:wrapper:30              - Edge Inference for layer [21] took 0.0002 seconds
2025-07-01 14:54:53,760 - DEBUG    - model_manager.py:predict_single_layer:127 - Making a prediction for layer [22]
2025-07-01 14:54:53,761 - DEBUG    - model_manager.py:wrapper:30              - Edge Inference for layer [22] took 0.0002 seconds
2025-07-01 14:54:53,761 - DEBUG    - model_manager.py:predict_single_layer:127 - Making a prediction for layer [23]
2025-07-01 14:54:53,761 - DEBUG    - model_manager.py:wrapper:30              - Edge Inference for layer [23] took 0.0002 seconds
2025-07-01 14:54:53,761 - DEBUG    - model_manager.py:predict_single_layer:127 - Making a prediction for layer [24]
2025-07-01 14:54:53,762 - DEBUG    - model_manager.py:wrapper:30              - Edge Inference for layer [24] took 0.0003 seconds
2025-07-01 14:54:53,762 - DEBUG    - model_manager.py:predict_single_layer:127 - Making a prediction for layer [25]
2025-07-01 14:54:53,762 - DEBUG    - model_manager.py:wrapper:30              - Edge Inference for layer [25] took 0.0002 seconds
2025-07-01 14:54:53,762 - DEBUG    - model_manager.py:predict_single_layer:127 - Making a prediction for layer [26]
2025-07-01 14:54:53,763 - DEBUG    - model_manager.py:wrapper:30              - Edge Inference for layer [26] took 0.0002 seconds
2025-07-01 14:54:53,763 - DEBUG    - model_manager.py:predict_single_layer:127 - Making a prediction for layer [27]
2025-07-01 14:54:53,763 - DEBUG    - model_manager.py:wrapper:30              - Edge Inference for layer [27] took 0.0002 seconds
2025-07-01 14:54:53,763 - DEBUG    - model_manager.py:predict_single_layer:127 - Making a prediction for layer [28]
2025-07-01 14:54:53,764 - DEBUG    - model_manager.py:wrapper:30              - Edge Inference for layer [28] took 0.0002 seconds
2025-07-01 14:54:53,764 - DEBUG    - model_manager.py:predict_single_layer:127 - Making a prediction for layer [29]
2025-07-01 14:54:53,764 - DEBUG    - model_manager.py:wrapper:30              - Edge Inference for layer [29] took 0.0002 seconds
2025-07-01 14:54:53,764 - DEBUG    - model_manager.py:predict_single_layer:127 - Making a prediction for layer [30]
2025-07-01 14:54:53,765 - DEBUG    - model_manager.py:wrapper:30              - Edge Inference for layer [30] took 0.0002 seconds
2025-07-01 14:54:53,765 - DEBUG    - model_manager.py:predict_single_layer:127 - Making a prediction for layer [31]
2025-07-01 14:54:53,765 - DEBUG    - model_manager.py:wrapper:30              - Edge Inference for layer [31] took 0.0002 seconds
2025-07-01 14:54:53,765 - DEBUG    - model_manager.py:predict_single_layer:127 - Making a prediction for layer [32]
2025-07-01 14:54:53,766 - DEBUG    - model_manager.py:wrapper:30              - Edge Inference for layer [32] took 0.0002 seconds
2025-07-01 14:54:53,766 - DEBUG    - model_manager.py:predict_single_layer:127 - Making a prediction for layer [33]
2025-07-01 14:54:53,766 - DEBUG    - model_manager.py:wrapper:30              - Edge Inference for layer [33] took 0.0003 seconds
2025-07-01 14:54:53,767 - DEBUG    - model_manager.py:predict_single_layer:127 - Making a prediction for layer [34]
2025-07-01 14:54:53,767 - DEBUG    - model_manager.py:wrapper:30              - Edge Inference for layer [34] took 0.0002 seconds
2025-07-01 14:54:53,767 - DEBUG    - model_manager.py:predict_single_layer:127 - Making a prediction for layer [35]
2025-07-01 14:54:53,767 - DEBUG    - model_manager.py:wrapper:30              - Edge Inference for layer [35] took 0.0004 seconds
2025-07-01 14:54:53,768 - DEBUG    - model_manager.py:predict_single_layer:127 - Making a prediction for layer [36]
2025-07-01 14:54:53,768 - DEBUG    - model_manager.py:wrapper:30              - Edge Inference for layer [36] took 0.0003 seconds
2025-07-01 14:54:53,768 - DEBUG    - model_manager.py:predict_single_layer:127 - Making a prediction for layer [37]
2025-07-01 14:54:53,769 - DEBUG    - model_manager.py:wrapper:30              - Edge Inference for layer [37] took 0.0003 seconds
2025-07-01 14:54:53,769 - DEBUG    - model_manager.py:predict_single_layer:127 - Making a prediction for layer [38]
2025-07-01 14:54:53,769 - DEBUG    - model_manager.py:wrapper:30              - Edge Inference for layer [38] took 0.0003 seconds
2025-07-01 14:54:53,769 - DEBUG    - model_manager.py:predict_single_layer:127 - Making a prediction for layer [39]
2025-07-01 14:54:53,770 - DEBUG    - model_manager.py:wrapper:30              - Edge Inference for layer [39] took 0.0002 seconds
2025-07-01 14:54:53,770 - DEBUG    - model_manager.py:predict_single_layer:127 - Making a prediction for layer [40]
2025-07-01 14:54:53,770 - DEBUG    - model_manager.py:wrapper:30              - Edge Inference for layer [40] took 0.0002 seconds
2025-07-01 14:54:53,770 - DEBUG    - model_manager.py:predict_single_layer:127 - Making a prediction for layer [41]
2025-07-01 14:54:53,771 - DEBUG    - model_manager.py:wrapper:30              - Edge Inference for layer [41] took 0.0003 seconds
2025-07-01 14:54:53,771 - DEBUG    - model_manager.py:predict_single_layer:127 - Making a prediction for layer [42]
2025-07-01 14:54:53,771 - DEBUG    - model_manager.py:wrapper:30              - Edge Inference for layer [42] took 0.0002 seconds
2025-07-01 14:54:53,771 - DEBUG    - model_manager.py:predict_single_layer:127 - Making a prediction for layer [43]
2025-07-01 14:54:53,772 - DEBUG    - model_manager.py:wrapper:30              - Edge Inference for layer [43] took 0.0002 seconds
2025-07-01 14:54:53,772 - DEBUG    - model_manager.py:predict_single_layer:127 - Making a prediction for layer [44]
2025-07-01 14:54:53,772 - DEBUG    - model_manager.py:wrapper:30              - Edge Inference for layer [44] took 0.0003 seconds
2025-07-01 14:54:53,773 - DEBUG    - model_manager.py:predict_single_layer:127 - Making a prediction for layer [45]
2025-07-01 14:54:53,773 - DEBUG    - model_manager.py:wrapper:30              - Edge Inference for layer [45] took 0.0002 seconds
2025-07-01 14:54:53,773 - DEBUG    - model_manager.py:predict_single_layer:127 - Making a prediction for layer [46]
2025-07-01 14:54:53,773 - DEBUG    - model_manager.py:wrapper:30              - Edge Inference for layer [46] took 0.0002 seconds
2025-07-01 14:54:53,774 - DEBUG    - model_manager.py:predict_single_layer:127 - Making a prediction for layer [47]
2025-07-01 14:54:53,774 - DEBUG    - model_manager.py:wrapper:30              - Edge Inference for layer [47] took 0.0004 seconds
2025-07-01 14:54:53,774 - DEBUG    - model_manager.py:predict_single_layer:127 - Making a prediction for layer [48]
2025-07-01 14:54:53,775 - DEBUG    - model_manager.py:wrapper:30              - Edge Inference for layer [48] took 0.0003 seconds
2025-07-01 14:54:53,775 - DEBUG    - model_manager.py:predict_single_layer:127 - Making a prediction for layer [49]
2025-07-01 14:54:53,775 - DEBUG    - model_manager.py:wrapper:30              - Edge Inference for layer [49] took 0.0004 seconds
2025-07-01 14:54:53,776 - DEBUG    - model_manager.py:predict_single_layer:127 - Making a prediction for layer [50]
2025-07-01 14:54:53,776 - DEBUG    - model_manager.py:wrapper:30              - Edge Inference for layer [50] took 0.0003 seconds
2025-07-01 14:54:53,776 - DEBUG    - model_manager.py:predict_single_layer:127 - Making a prediction for layer [51]
2025-07-01 14:54:53,777 - DEBUG    - model_manager.py:wrapper:30              - Edge Inference for layer [51] took 0.0002 seconds
2025-07-01 14:54:53,777 - DEBUG    - model_manager.py:predict_single_layer:127 - Making a prediction for layer [52]
2025-07-01 14:54:53,777 - DEBUG    - model_manager.py:wrapper:30              - Edge Inference for layer [52] took 0.0002 seconds
2025-07-01 14:54:53,777 - DEBUG    - model_manager.py:predict_single_layer:127 - Making a prediction for layer [53]
2025-07-01 14:54:53,778 - DEBUG    - model_manager.py:wrapper:30              - Edge Inference for layer [53] took 0.0003 seconds
2025-07-01 14:54:53,778 - DEBUG    - model_manager.py:predict_single_layer:127 - Making a prediction for layer [54]
2025-07-01 14:54:53,778 - DEBUG    - model_manager.py:wrapper:30              - Edge Inference for layer [54] took 0.0002 seconds
2025-07-01 14:54:53,778 - DEBUG    - model_manager.py:predict_single_layer:127 - Making a prediction for layer [55]
2025-07-01 14:54:53,779 - DEBUG    - model_manager.py:wrapper:30              - Edge Inference for layer [55] took 0.0002 seconds
2025-07-01 14:54:53,779 - DEBUG    - model_manager.py:predict_single_layer:127 - Making a prediction for layer [56]
2025-07-01 14:54:53,779 - DEBUG    - model_manager.py:wrapper:30              - Edge Inference for layer [56] took 0.0003 seconds
2025-07-01 14:54:53,780 - DEBUG    - model_manager.py:predict_single_layer:127 - Making a prediction for layer [57]
2025-07-01 14:54:53,780 - DEBUG    - model_manager.py:wrapper:30              - Edge Inference for layer [57] took 0.0002 seconds
2025-07-01 14:54:53,780 - DEBUG    - model_manager.py:predict_single_layer:127 - Making a prediction for layer [58]
2025-07-01 14:54:53,780 - DEBUG    - model_manager.py:wrapper:30              - Edge Inference for layer [58] took 0.0002 seconds
2025-07-01 14:54:53,781 - DEBUG    - model_manager.py:save_inference_times:159 - Inference times saved
2025-07-01 14:54:56,228 - DEBUG    - model_manager.py:load_model:67           - Loading model from path: test_model/test_model.h5
2025-07-01 14:54:56,453 - DEBUG    - model_manager.py:predict_single_layer:127 - Making a prediction for layer [0]
2025-07-01 14:54:56,453 - DEBUG    - model_manager.py:wrapper:30              - Edge Inference for layer [0] took 0.0005 seconds
2025-07-01 14:54:56,454 - DEBUG    - model_manager.py:predict_single_layer:127 - Making a prediction for layer [1]
2025-07-01 14:54:56,454 - DEBUG    - model_manager.py:wrapper:30              - Edge Inference for layer [1] took 0.0003 seconds
2025-07-01 14:54:56,454 - DEBUG    - model_manager.py:predict_single_layer:127 - Making a prediction for layer [2]
2025-07-01 14:54:56,454 - DEBUG    - model_manager.py:wrapper:30              - Edge Inference for layer [2] took 0.0002 seconds
2025-07-01 14:54:56,455 - DEBUG    - model_manager.py:predict_single_layer:127 - Making a prediction for layer [3]
2025-07-01 14:54:56,455 - DEBUG    - model_manager.py:wrapper:30              - Edge Inference for layer [3] took 0.0004 seconds
2025-07-01 14:54:56,457 - DEBUG    - model_manager.py:predict_single_layer:127 - Making a prediction for layer [4]
2025-07-01 14:54:56,458 - DEBUG    - model_manager.py:wrapper:30              - Edge Inference for layer [4] took 0.0007 seconds
2025-07-01 14:54:56,458 - DEBUG    - model_manager.py:predict_single_layer:127 - Making a prediction for layer [5]
2025-07-01 14:54:56,459 - DEBUG    - model_manager.py:wrapper:30              - Edge Inference for layer [5] took 0.0004 seconds
2025-07-01 14:54:56,459 - DEBUG    - model_manager.py:predict_single_layer:127 - Making a prediction for layer [6]
2025-07-01 14:54:56,459 - DEBUG    - model_manager.py:wrapper:30              - Edge Inference for layer [6] took 0.0003 seconds
2025-07-01 14:54:56,460 - DEBUG    - model_manager.py:predict_single_layer:127 - Making a prediction for layer [7]
2025-07-01 14:54:56,460 - DEBUG    - model_manager.py:wrapper:30              - Edge Inference for layer [7] took 0.0002 seconds
2025-07-01 14:54:56,460 - DEBUG    - model_manager.py:predict_single_layer:127 - Making a prediction for layer [8]
2025-07-01 14:54:56,461 - DEBUG    - model_manager.py:wrapper:30              - Edge Inference for layer [8] took 0.0003 seconds
2025-07-01 14:54:56,461 - DEBUG    - model_manager.py:predict_single_layer:127 - Making a prediction for layer [9]
2025-07-01 14:54:56,461 - DEBUG    - model_manager.py:wrapper:30              - Edge Inference for layer [9] took 0.0004 seconds
2025-07-01 14:54:56,462 - DEBUG    - model_manager.py:predict_single_layer:127 - Making a prediction for layer [10]
2025-07-01 14:54:56,462 - DEBUG    - model_manager.py:wrapper:30              - Edge Inference for layer [10] took 0.0002 seconds
2025-07-01 14:54:56,462 - DEBUG    - model_manager.py:predict_single_layer:127 - Making a prediction for layer [11]
2025-07-01 14:54:56,463 - DEBUG    - model_manager.py:wrapper:30              - Edge Inference for layer [11] took 0.0006 seconds
2025-07-01 14:54:56,463 - DEBUG    - model_manager.py:predict_single_layer:127 - Making a prediction for layer [12]
2025-07-01 14:54:56,464 - DEBUG    - model_manager.py:wrapper:30              - Edge Inference for layer [12] took 0.0005 seconds
2025-07-01 14:54:56,464 - DEBUG    - model_manager.py:predict_single_layer:127 - Making a prediction for layer [13]
2025-07-01 14:54:56,464 - DEBUG    - model_manager.py:wrapper:30              - Edge Inference for layer [13] took 0.0003 seconds
2025-07-01 14:54:56,465 - DEBUG    - model_manager.py:predict_single_layer:127 - Making a prediction for layer [14]
2025-07-01 14:54:56,465 - DEBUG    - model_manager.py:wrapper:30              - Edge Inference for layer [14] took 0.0002 seconds
2025-07-01 14:54:56,465 - DEBUG    - model_manager.py:predict_single_layer:127 - Making a prediction for layer [15]
2025-07-01 14:54:56,465 - DEBUG    - model_manager.py:wrapper:30              - Edge Inference for layer [15] took 0.0002 seconds
2025-07-01 14:54:56,466 - DEBUG    - model_manager.py:predict_single_layer:127 - Making a prediction for layer [16]
2025-07-01 14:54:56,466 - DEBUG    - model_manager.py:wrapper:30              - Edge Inference for layer [16] took 0.0002 seconds
2025-07-01 14:54:56,466 - DEBUG    - model_manager.py:predict_single_layer:127 - Making a prediction for layer [17]
2025-07-01 14:54:56,466 - DEBUG    - model_manager.py:wrapper:30              - Edge Inference for layer [17] took 0.0002 seconds
2025-07-01 14:54:56,467 - DEBUG    - model_manager.py:predict_single_layer:127 - Making a prediction for layer [18]
2025-07-01 14:54:56,467 - DEBUG    - model_manager.py:wrapper:30              - Edge Inference for layer [18] took 0.0003 seconds
2025-07-01 14:54:56,467 - DEBUG    - model_manager.py:predict_single_layer:127 - Making a prediction for layer [19]
2025-07-01 14:54:56,468 - DEBUG    - model_manager.py:wrapper:30              - Edge Inference for layer [19] took 0.0002 seconds
2025-07-01 14:54:56,468 - DEBUG    - model_manager.py:predict_single_layer:127 - Making a prediction for layer [20]
2025-07-01 14:54:56,468 - DEBUG    - model_manager.py:wrapper:30              - Edge Inference for layer [20] took 0.0002 seconds
2025-07-01 14:54:56,468 - DEBUG    - model_manager.py:predict_single_layer:127 - Making a prediction for layer [21]
2025-07-01 14:54:56,469 - DEBUG    - model_manager.py:wrapper:30              - Edge Inference for layer [21] took 0.0002 seconds
2025-07-01 14:54:56,469 - DEBUG    - model_manager.py:predict_single_layer:127 - Making a prediction for layer [22]
2025-07-01 14:54:56,469 - DEBUG    - model_manager.py:wrapper:30              - Edge Inference for layer [22] took 0.0002 seconds
2025-07-01 14:54:56,469 - DEBUG    - model_manager.py:predict_single_layer:127 - Making a prediction for layer [23]
2025-07-01 14:54:56,470 - DEBUG    - model_manager.py:wrapper:30              - Edge Inference for layer [23] took 0.0002 seconds
2025-07-01 14:54:56,470 - DEBUG    - model_manager.py:predict_single_layer:127 - Making a prediction for layer [24]
2025-07-01 14:54:56,470 - DEBUG    - model_manager.py:wrapper:30              - Edge Inference for layer [24] took 0.0002 seconds
2025-07-01 14:54:56,470 - DEBUG    - model_manager.py:predict_single_layer:127 - Making a prediction for layer [25]
2025-07-01 14:54:56,471 - DEBUG    - model_manager.py:wrapper:30              - Edge Inference for layer [25] took 0.0002 seconds
2025-07-01 14:54:56,471 - DEBUG    - model_manager.py:predict_single_layer:127 - Making a prediction for layer [26]
2025-07-01 14:54:56,471 - DEBUG    - model_manager.py:wrapper:30              - Edge Inference for layer [26] took 0.0002 seconds
2025-07-01 14:54:56,471 - DEBUG    - model_manager.py:predict_single_layer:127 - Making a prediction for layer [27]
2025-07-01 14:54:56,471 - DEBUG    - model_manager.py:wrapper:30              - Edge Inference for layer [27] took 0.0002 seconds
2025-07-01 14:54:56,472 - DEBUG    - model_manager.py:predict_single_layer:127 - Making a prediction for layer [28]
2025-07-01 14:54:56,472 - DEBUG    - model_manager.py:wrapper:30              - Edge Inference for layer [28] took 0.0002 seconds
2025-07-01 14:54:56,472 - DEBUG    - model_manager.py:predict_single_layer:127 - Making a prediction for layer [29]
2025-07-01 14:54:56,472 - DEBUG    - model_manager.py:wrapper:30              - Edge Inference for layer [29] took 0.0003 seconds
2025-07-01 14:54:56,473 - DEBUG    - model_manager.py:predict_single_layer:127 - Making a prediction for layer [30]
2025-07-01 14:54:56,473 - DEBUG    - model_manager.py:wrapper:30              - Edge Inference for layer [30] took 0.0002 seconds
2025-07-01 14:54:56,473 - DEBUG    - model_manager.py:predict_single_layer:127 - Making a prediction for layer [31]
2025-07-01 14:54:56,473 - DEBUG    - model_manager.py:wrapper:30              - Edge Inference for layer [31] took 0.0002 seconds
2025-07-01 14:54:56,474 - DEBUG    - model_manager.py:predict_single_layer:127 - Making a prediction for layer [32]
2025-07-01 14:54:56,474 - DEBUG    - model_manager.py:wrapper:30              - Edge Inference for layer [32] took 0.0002 seconds
2025-07-01 14:54:56,474 - DEBUG    - model_manager.py:predict_single_layer:127 - Making a prediction for layer [33]
2025-07-01 14:54:56,474 - DEBUG    - model_manager.py:wrapper:30              - Edge Inference for layer [33] took 0.0002 seconds
2025-07-01 14:54:56,475 - DEBUG    - model_manager.py:predict_single_layer:127 - Making a prediction for layer [34]
2025-07-01 14:54:56,475 - DEBUG    - model_manager.py:wrapper:30              - Edge Inference for layer [34] took 0.0002 seconds
2025-07-01 14:54:56,475 - DEBUG    - model_manager.py:predict_single_layer:127 - Making a prediction for layer [35]
2025-07-01 14:54:56,475 - DEBUG    - model_manager.py:wrapper:30              - Edge Inference for layer [35] took 0.0002 seconds
2025-07-01 14:54:56,475 - DEBUG    - model_manager.py:predict_single_layer:127 - Making a prediction for layer [36]
2025-07-01 14:54:56,476 - DEBUG    - model_manager.py:wrapper:30              - Edge Inference for layer [36] took 0.0002 seconds
2025-07-01 14:54:56,476 - DEBUG    - model_manager.py:predict_single_layer:127 - Making a prediction for layer [37]
2025-07-01 14:54:56,476 - DEBUG    - model_manager.py:wrapper:30              - Edge Inference for layer [37] took 0.0002 seconds
2025-07-01 14:54:56,476 - DEBUG    - model_manager.py:predict_single_layer:127 - Making a prediction for layer [38]
2025-07-01 14:54:56,476 - DEBUG    - model_manager.py:wrapper:30              - Edge Inference for layer [38] took 0.0002 seconds
2025-07-01 14:54:56,477 - DEBUG    - model_manager.py:predict_single_layer:127 - Making a prediction for layer [39]
2025-07-01 14:54:56,477 - DEBUG    - model_manager.py:wrapper:30              - Edge Inference for layer [39] took 0.0002 seconds
2025-07-01 14:54:56,477 - DEBUG    - model_manager.py:predict_single_layer:127 - Making a prediction for layer [40]
2025-07-01 14:54:56,477 - DEBUG    - model_manager.py:wrapper:30              - Edge Inference for layer [40] took 0.0002 seconds
2025-07-01 14:54:56,478 - DEBUG    - model_manager.py:predict_single_layer:127 - Making a prediction for layer [41]
2025-07-01 14:54:56,479 - DEBUG    - model_manager.py:wrapper:30              - Edge Inference for layer [41] took 0.0003 seconds
2025-07-01 14:54:56,479 - DEBUG    - model_manager.py:predict_single_layer:127 - Making a prediction for layer [42]
2025-07-01 14:54:56,479 - DEBUG    - model_manager.py:wrapper:30              - Edge Inference for layer [42] took 0.0002 seconds
2025-07-01 14:54:56,480 - DEBUG    - model_manager.py:predict_single_layer:127 - Making a prediction for layer [43]
2025-07-01 14:54:56,480 - DEBUG    - model_manager.py:wrapper:30              - Edge Inference for layer [43] took 0.0002 seconds
2025-07-01 14:54:56,480 - DEBUG    - model_manager.py:predict_single_layer:127 - Making a prediction for layer [44]
2025-07-01 14:54:56,480 - DEBUG    - model_manager.py:wrapper:30              - Edge Inference for layer [44] took 0.0002 seconds
2025-07-01 14:54:56,481 - DEBUG    - model_manager.py:predict_single_layer:127 - Making a prediction for layer [45]
2025-07-01 14:54:56,481 - DEBUG    - model_manager.py:wrapper:30              - Edge Inference for layer [45] took 0.0002 seconds
2025-07-01 14:54:56,481 - DEBUG    - model_manager.py:predict_single_layer:127 - Making a prediction for layer [46]
2025-07-01 14:54:56,481 - DEBUG    - model_manager.py:wrapper:30              - Edge Inference for layer [46] took 0.0002 seconds
2025-07-01 14:54:56,481 - DEBUG    - model_manager.py:predict_single_layer:127 - Making a prediction for layer [47]
2025-07-01 14:54:56,482 - DEBUG    - model_manager.py:wrapper:30              - Edge Inference for layer [47] took 0.0002 seconds
2025-07-01 14:54:56,482 - DEBUG    - model_manager.py:predict_single_layer:127 - Making a prediction for layer [48]
2025-07-01 14:54:56,482 - DEBUG    - model_manager.py:wrapper:30              - Edge Inference for layer [48] took 0.0002 seconds
2025-07-01 14:54:56,482 - DEBUG    - model_manager.py:predict_single_layer:127 - Making a prediction for layer [49]
2025-07-01 14:54:56,482 - DEBUG    - model_manager.py:wrapper:30              - Edge Inference for layer [49] took 0.0002 seconds
2025-07-01 14:54:56,483 - DEBUG    - model_manager.py:predict_single_layer:127 - Making a prediction for layer [50]
2025-07-01 14:54:56,483 - DEBUG    - model_manager.py:wrapper:30              - Edge Inference for layer [50] took 0.0003 seconds
2025-07-01 14:54:56,484 - DEBUG    - model_manager.py:predict_single_layer:127 - Making a prediction for layer [51]
2025-07-01 14:54:56,484 - DEBUG    - model_manager.py:wrapper:30              - Edge Inference for layer [51] took 0.0003 seconds
2025-07-01 14:54:56,484 - DEBUG    - model_manager.py:predict_single_layer:127 - Making a prediction for layer [52]
2025-07-01 14:54:56,484 - DEBUG    - model_manager.py:wrapper:30              - Edge Inference for layer [52] took 0.0002 seconds
2025-07-01 14:54:56,485 - DEBUG    - model_manager.py:predict_single_layer:127 - Making a prediction for layer [53]
2025-07-01 14:54:56,485 - DEBUG    - model_manager.py:wrapper:30              - Edge Inference for layer [53] took 0.0003 seconds
2025-07-01 14:54:56,485 - DEBUG    - model_manager.py:predict_single_layer:127 - Making a prediction for layer [54]
2025-07-01 14:54:56,486 - DEBUG    - model_manager.py:wrapper:30              - Edge Inference for layer [54] took 0.0003 seconds
2025-07-01 14:54:56,486 - DEBUG    - model_manager.py:predict_single_layer:127 - Making a prediction for layer [55]
2025-07-01 14:54:56,486 - DEBUG    - model_manager.py:wrapper:30              - Edge Inference for layer [55] took 0.0002 seconds
2025-07-01 14:54:56,486 - DEBUG    - model_manager.py:predict_single_layer:127 - Making a prediction for layer [56]
2025-07-01 14:54:56,487 - DEBUG    - model_manager.py:wrapper:30              - Edge Inference for layer [56] took 0.0002 seconds
2025-07-01 14:54:56,487 - DEBUG    - model_manager.py:predict_single_layer:127 - Making a prediction for layer [57]
2025-07-01 14:54:56,487 - DEBUG    - model_manager.py:wrapper:30              - Edge Inference for layer [57] took 0.0002 seconds
2025-07-01 14:54:56,487 - DEBUG    - model_manager.py:predict_single_layer:127 - Making a prediction for layer [58]
2025-07-01 14:54:56,488 - DEBUG    - model_manager.py:wrapper:30              - Edge Inference for layer [58] took 0.0002 seconds
2025-07-01 14:54:56,488 - DEBUG    - model_manager.py:save_inference_times:159 - Inference times saved
2025-07-01 14:54:56,503 - DEBUG    - mqtt_client.py:sync_with_ntp:106         - Synchronized with NTP server. Offset: -0.04456067085266113 seconds
2025-07-01 14:55:49,155 - INFO     - run_edge.py:<module>:14                  - Starting the [EDGE] MQTT client
2025-07-01 14:55:49,167 - DEBUG    - model_manager.py:load_model:67           - Loading model from path: test_model/test_model.h5
2025-07-01 14:55:49,468 - DEBUG    - model_manager.py:predict_single_layer:127 - Making a prediction for layer [0]
2025-07-01 14:55:49,469 - DEBUG    - model_manager.py:wrapper:30              - Edge Inference for layer [0] took 0.0009 seconds
2025-07-01 14:55:49,471 - DEBUG    - model_manager.py:predict_single_layer:127 - Making a prediction for layer [1]
2025-07-01 14:55:49,471 - DEBUG    - model_manager.py:wrapper:30              - Edge Inference for layer [1] took 0.0004 seconds
2025-07-01 14:55:49,472 - DEBUG    - model_manager.py:predict_single_layer:127 - Making a prediction for layer [2]
2025-07-01 14:55:49,472 - DEBUG    - model_manager.py:wrapper:30              - Edge Inference for layer [2] took 0.0003 seconds
2025-07-01 14:55:49,472 - DEBUG    - model_manager.py:predict_single_layer:127 - Making a prediction for layer [3]
2025-07-01 14:55:49,473 - DEBUG    - model_manager.py:wrapper:30              - Edge Inference for layer [3] took 0.0003 seconds
2025-07-01 14:55:49,473 - DEBUG    - model_manager.py:predict_single_layer:127 - Making a prediction for layer [4]
2025-07-01 14:55:49,473 - DEBUG    - model_manager.py:wrapper:30              - Edge Inference for layer [4] took 0.0003 seconds
2025-07-01 14:55:49,474 - DEBUG    - model_manager.py:predict_single_layer:127 - Making a prediction for layer [5]
2025-07-01 14:55:49,474 - DEBUG    - model_manager.py:wrapper:30              - Edge Inference for layer [5] took 0.0002 seconds
2025-07-01 14:55:49,474 - DEBUG    - model_manager.py:predict_single_layer:127 - Making a prediction for layer [6]
2025-07-01 14:55:49,474 - DEBUG    - model_manager.py:wrapper:30              - Edge Inference for layer [6] took 0.0002 seconds
2025-07-01 14:55:49,475 - DEBUG    - model_manager.py:predict_single_layer:127 - Making a prediction for layer [7]
2025-07-01 14:55:49,475 - DEBUG    - model_manager.py:wrapper:30              - Edge Inference for layer [7] took 0.0002 seconds
2025-07-01 14:55:49,475 - DEBUG    - model_manager.py:predict_single_layer:127 - Making a prediction for layer [8]
2025-07-01 14:55:49,475 - DEBUG    - model_manager.py:wrapper:30              - Edge Inference for layer [8] took 0.0004 seconds
2025-07-01 14:55:49,476 - DEBUG    - model_manager.py:predict_single_layer:127 - Making a prediction for layer [9]
2025-07-01 14:55:49,476 - DEBUG    - model_manager.py:wrapper:30              - Edge Inference for layer [9] took 0.0004 seconds
2025-07-01 14:55:49,476 - DEBUG    - model_manager.py:predict_single_layer:127 - Making a prediction for layer [10]
2025-07-01 14:55:49,477 - DEBUG    - model_manager.py:wrapper:30              - Edge Inference for layer [10] took 0.0002 seconds
2025-07-01 14:55:49,477 - DEBUG    - model_manager.py:predict_single_layer:127 - Making a prediction for layer [11]
2025-07-01 14:55:49,477 - DEBUG    - model_manager.py:wrapper:30              - Edge Inference for layer [11] took 0.0002 seconds
2025-07-01 14:55:49,477 - DEBUG    - model_manager.py:predict_single_layer:127 - Making a prediction for layer [12]
2025-07-01 14:55:49,478 - DEBUG    - model_manager.py:wrapper:30              - Edge Inference for layer [12] took 0.0003 seconds
2025-07-01 14:55:49,478 - DEBUG    - model_manager.py:predict_single_layer:127 - Making a prediction for layer [13]
2025-07-01 14:55:49,478 - DEBUG    - model_manager.py:wrapper:30              - Edge Inference for layer [13] took 0.0002 seconds
2025-07-01 14:55:49,479 - DEBUG    - model_manager.py:predict_single_layer:127 - Making a prediction for layer [14]
2025-07-01 14:55:49,479 - DEBUG    - model_manager.py:wrapper:30              - Edge Inference for layer [14] took 0.0003 seconds
2025-07-01 14:55:49,479 - DEBUG    - model_manager.py:predict_single_layer:127 - Making a prediction for layer [15]
2025-07-01 14:55:49,480 - DEBUG    - model_manager.py:wrapper:30              - Edge Inference for layer [15] took 0.0003 seconds
2025-07-01 14:55:49,480 - DEBUG    - model_manager.py:predict_single_layer:127 - Making a prediction for layer [16]
2025-07-01 14:55:49,480 - DEBUG    - model_manager.py:wrapper:30              - Edge Inference for layer [16] took 0.0002 seconds
2025-07-01 14:55:49,480 - DEBUG    - model_manager.py:predict_single_layer:127 - Making a prediction for layer [17]
2025-07-01 14:55:49,481 - DEBUG    - model_manager.py:wrapper:30              - Edge Inference for layer [17] took 0.0002 seconds
2025-07-01 14:55:49,481 - DEBUG    - model_manager.py:predict_single_layer:127 - Making a prediction for layer [18]
2025-07-01 14:55:49,481 - DEBUG    - model_manager.py:wrapper:30              - Edge Inference for layer [18] took 0.0004 seconds
2025-07-01 14:55:49,482 - DEBUG    - model_manager.py:predict_single_layer:127 - Making a prediction for layer [19]
2025-07-01 14:55:49,482 - DEBUG    - model_manager.py:wrapper:30              - Edge Inference for layer [19] took 0.0003 seconds
2025-07-01 14:55:49,483 - DEBUG    - model_manager.py:predict_single_layer:127 - Making a prediction for layer [20]
2025-07-01 14:55:49,483 - DEBUG    - model_manager.py:wrapper:30              - Edge Inference for layer [20] took 0.0003 seconds
2025-07-01 14:55:49,483 - DEBUG    - model_manager.py:predict_single_layer:127 - Making a prediction for layer [21]
2025-07-01 14:55:49,483 - DEBUG    - model_manager.py:wrapper:30              - Edge Inference for layer [21] took 0.0002 seconds
2025-07-01 14:55:49,484 - DEBUG    - model_manager.py:predict_single_layer:127 - Making a prediction for layer [22]
2025-07-01 14:55:49,484 - DEBUG    - model_manager.py:wrapper:30              - Edge Inference for layer [22] took 0.0002 seconds
2025-07-01 14:55:49,484 - DEBUG    - model_manager.py:predict_single_layer:127 - Making a prediction for layer [23]
2025-07-01 14:55:49,484 - DEBUG    - model_manager.py:wrapper:30              - Edge Inference for layer [23] took 0.0002 seconds
2025-07-01 14:55:49,485 - DEBUG    - model_manager.py:predict_single_layer:127 - Making a prediction for layer [24]
2025-07-01 14:55:49,485 - DEBUG    - model_manager.py:wrapper:30              - Edge Inference for layer [24] took 0.0002 seconds
2025-07-01 14:55:49,485 - DEBUG    - model_manager.py:predict_single_layer:127 - Making a prediction for layer [25]
2025-07-01 14:55:49,485 - DEBUG    - model_manager.py:wrapper:30              - Edge Inference for layer [25] took 0.0002 seconds
2025-07-01 14:55:49,485 - DEBUG    - model_manager.py:predict_single_layer:127 - Making a prediction for layer [26]
2025-07-01 14:55:49,486 - DEBUG    - model_manager.py:wrapper:30              - Edge Inference for layer [26] took 0.0002 seconds
2025-07-01 14:55:49,486 - DEBUG    - model_manager.py:predict_single_layer:127 - Making a prediction for layer [27]
2025-07-01 14:55:49,486 - DEBUG    - model_manager.py:wrapper:30              - Edge Inference for layer [27] took 0.0002 seconds
2025-07-01 14:55:49,486 - DEBUG    - model_manager.py:predict_single_layer:127 - Making a prediction for layer [28]
2025-07-01 14:55:49,487 - DEBUG    - model_manager.py:wrapper:30              - Edge Inference for layer [28] took 0.0002 seconds
2025-07-01 14:55:49,487 - DEBUG    - model_manager.py:predict_single_layer:127 - Making a prediction for layer [29]
2025-07-01 14:55:49,487 - DEBUG    - model_manager.py:wrapper:30              - Edge Inference for layer [29] took 0.0002 seconds
2025-07-01 14:55:49,487 - DEBUG    - model_manager.py:predict_single_layer:127 - Making a prediction for layer [30]
2025-07-01 14:55:49,488 - DEBUG    - model_manager.py:wrapper:30              - Edge Inference for layer [30] took 0.0002 seconds
2025-07-01 14:55:49,488 - DEBUG    - model_manager.py:predict_single_layer:127 - Making a prediction for layer [31]
2025-07-01 14:55:49,488 - DEBUG    - model_manager.py:wrapper:30              - Edge Inference for layer [31] took 0.0002 seconds
2025-07-01 14:55:49,488 - DEBUG    - model_manager.py:predict_single_layer:127 - Making a prediction for layer [32]
2025-07-01 14:55:49,489 - DEBUG    - model_manager.py:wrapper:30              - Edge Inference for layer [32] took 0.0002 seconds
2025-07-01 14:55:49,489 - DEBUG    - model_manager.py:predict_single_layer:127 - Making a prediction for layer [33]
2025-07-01 14:55:49,489 - DEBUG    - model_manager.py:wrapper:30              - Edge Inference for layer [33] took 0.0002 seconds
2025-07-01 14:55:49,489 - DEBUG    - model_manager.py:predict_single_layer:127 - Making a prediction for layer [34]
2025-07-01 14:55:49,490 - DEBUG    - model_manager.py:wrapper:30              - Edge Inference for layer [34] took 0.0002 seconds
2025-07-01 14:55:49,490 - DEBUG    - model_manager.py:predict_single_layer:127 - Making a prediction for layer [35]
2025-07-01 14:55:49,490 - DEBUG    - model_manager.py:wrapper:30              - Edge Inference for layer [35] took 0.0002 seconds
2025-07-01 14:55:49,490 - DEBUG    - model_manager.py:predict_single_layer:127 - Making a prediction for layer [36]
2025-07-01 14:55:49,490 - DEBUG    - model_manager.py:wrapper:30              - Edge Inference for layer [36] took 0.0002 seconds
2025-07-01 14:55:49,491 - DEBUG    - model_manager.py:predict_single_layer:127 - Making a prediction for layer [37]
2025-07-01 14:55:49,491 - DEBUG    - model_manager.py:wrapper:30              - Edge Inference for layer [37] took 0.0002 seconds
2025-07-01 14:55:49,491 - DEBUG    - model_manager.py:predict_single_layer:127 - Making a prediction for layer [38]
2025-07-01 14:55:49,491 - DEBUG    - model_manager.py:wrapper:30              - Edge Inference for layer [38] took 0.0002 seconds
2025-07-01 14:55:49,492 - DEBUG    - model_manager.py:predict_single_layer:127 - Making a prediction for layer [39]
2025-07-01 14:55:49,492 - DEBUG    - model_manager.py:wrapper:30              - Edge Inference for layer [39] took 0.0002 seconds
2025-07-01 14:55:49,492 - DEBUG    - model_manager.py:predict_single_layer:127 - Making a prediction for layer [40]
2025-07-01 14:55:49,492 - DEBUG    - model_manager.py:wrapper:30              - Edge Inference for layer [40] took 0.0002 seconds
2025-07-01 14:55:49,493 - DEBUG    - model_manager.py:predict_single_layer:127 - Making a prediction for layer [41]
2025-07-01 14:55:49,493 - DEBUG    - model_manager.py:wrapper:30              - Edge Inference for layer [41] took 0.0003 seconds
2025-07-01 14:55:49,493 - DEBUG    - model_manager.py:predict_single_layer:127 - Making a prediction for layer [42]
2025-07-01 14:55:49,494 - DEBUG    - model_manager.py:wrapper:30              - Edge Inference for layer [42] took 0.0002 seconds
2025-07-01 14:55:49,494 - DEBUG    - model_manager.py:predict_single_layer:127 - Making a prediction for layer [43]
2025-07-01 14:55:49,494 - DEBUG    - model_manager.py:wrapper:30              - Edge Inference for layer [43] took 0.0002 seconds
2025-07-01 14:55:49,494 - DEBUG    - model_manager.py:predict_single_layer:127 - Making a prediction for layer [44]
2025-07-01 14:55:49,495 - DEBUG    - model_manager.py:wrapper:30              - Edge Inference for layer [44] took 0.0002 seconds
2025-07-01 14:55:49,495 - DEBUG    - model_manager.py:predict_single_layer:127 - Making a prediction for layer [45]
2025-07-01 14:55:49,495 - DEBUG    - model_manager.py:wrapper:30              - Edge Inference for layer [45] took 0.0002 seconds
2025-07-01 14:55:49,495 - DEBUG    - model_manager.py:predict_single_layer:127 - Making a prediction for layer [46]
2025-07-01 14:55:49,495 - DEBUG    - model_manager.py:wrapper:30              - Edge Inference for layer [46] took 0.0002 seconds
2025-07-01 14:55:49,496 - DEBUG    - model_manager.py:predict_single_layer:127 - Making a prediction for layer [47]
2025-07-01 14:55:49,496 - DEBUG    - model_manager.py:wrapper:30              - Edge Inference for layer [47] took 0.0002 seconds
2025-07-01 14:55:49,496 - DEBUG    - model_manager.py:predict_single_layer:127 - Making a prediction for layer [48]
2025-07-01 14:55:49,496 - DEBUG    - model_manager.py:wrapper:30              - Edge Inference for layer [48] took 0.0002 seconds
2025-07-01 14:55:49,497 - DEBUG    - model_manager.py:predict_single_layer:127 - Making a prediction for layer [49]
2025-07-01 14:55:49,497 - DEBUG    - model_manager.py:wrapper:30              - Edge Inference for layer [49] took 0.0002 seconds
2025-07-01 14:55:49,497 - DEBUG    - model_manager.py:predict_single_layer:127 - Making a prediction for layer [50]
2025-07-01 14:55:49,497 - DEBUG    - model_manager.py:wrapper:30              - Edge Inference for layer [50] took 0.0002 seconds
2025-07-01 14:55:49,497 - DEBUG    - model_manager.py:predict_single_layer:127 - Making a prediction for layer [51]
2025-07-01 14:55:49,498 - DEBUG    - model_manager.py:wrapper:30              - Edge Inference for layer [51] took 0.0002 seconds
2025-07-01 14:55:49,498 - DEBUG    - model_manager.py:predict_single_layer:127 - Making a prediction for layer [52]
2025-07-01 14:55:49,498 - DEBUG    - model_manager.py:wrapper:30              - Edge Inference for layer [52] took 0.0002 seconds
2025-07-01 14:55:49,498 - DEBUG    - model_manager.py:predict_single_layer:127 - Making a prediction for layer [53]
2025-07-01 14:55:49,499 - DEBUG    - model_manager.py:wrapper:30              - Edge Inference for layer [53] took 0.0002 seconds
2025-07-01 14:55:49,499 - DEBUG    - model_manager.py:predict_single_layer:127 - Making a prediction for layer [54]
2025-07-01 14:55:49,499 - DEBUG    - model_manager.py:wrapper:30              - Edge Inference for layer [54] took 0.0002 seconds
2025-07-01 14:55:49,499 - DEBUG    - model_manager.py:predict_single_layer:127 - Making a prediction for layer [55]
2025-07-01 14:55:49,500 - DEBUG    - model_manager.py:wrapper:30              - Edge Inference for layer [55] took 0.0002 seconds
2025-07-01 14:55:49,500 - DEBUG    - model_manager.py:predict_single_layer:127 - Making a prediction for layer [56]
2025-07-01 14:55:49,500 - DEBUG    - model_manager.py:wrapper:30              - Edge Inference for layer [56] took 0.0002 seconds
2025-07-01 14:55:49,500 - DEBUG    - model_manager.py:predict_single_layer:127 - Making a prediction for layer [57]
2025-07-01 14:55:49,501 - DEBUG    - model_manager.py:wrapper:30              - Edge Inference for layer [57] took 0.0002 seconds
2025-07-01 14:55:49,501 - DEBUG    - model_manager.py:predict_single_layer:127 - Making a prediction for layer [58]
2025-07-01 14:55:49,501 - DEBUG    - model_manager.py:wrapper:30              - Edge Inference for layer [58] took 0.0002 seconds
2025-07-01 14:55:49,502 - DEBUG    - model_manager.py:save_inference_times:159 - Inference times saved
